Aug 05, 2022 11:34:54 PM Milestone4.common.MyLogger info
INFO: Milestone4.client.Client: Client connected
Aug 05, 2022 11:34:54 PM Milestone4.common.MyLogger info
INFO: Milestone4.client.Client: Listening for server messages
Aug 05, 2022 11:34:54 PM Milestone4.common.MyLogger info
INFO: Milestone4.client.Client: Sent Payload: ClientId[0], ClientName[Arya], Type[CONNECT], Number[0], Message[null]
Aug 05, 2022 11:34:54 PM Milestone4.common.MyLogger info
INFO: Milestone4.client.views.UserListPanel: Adding user to list: <font color="#b2dccf">Arya</font> (1)
Aug 05, 2022 11:34:54 PM Milestone4.common.MyLogger info
INFO: Milestone4.client.views.UserListPanel: Userlist: java.awt.Dimension[width=0,height=307]
Aug 05, 2022 11:34:57 PM Milestone4.common.MyLogger info
INFO: Milestone4.client.views.ChatPanel: Wrapper size: java.awt.Dimension[width=425,height=311]
Aug 05, 2022 11:34:57 PM Milestone4.common.MyLogger info
INFO: Milestone4.client.views.ChatPanel: Wrapper size: java.awt.Dimension[width=343,height=311]
Aug 05, 2022 11:34:57 PM Milestone4.common.MyLogger info
INFO: Milestone4.client.views.ChatPanel: Wrapper size: java.awt.Dimension[width=446,height=311]
Aug 05, 2022 11:34:57 PM Milestone4.common.MyLogger info
INFO: Milestone4.client.views.ChatPanel: Wrapper size: java.awt.Dimension[width=500,height=311]
Aug 05, 2022 11:34:57 PM Milestone4.common.MyLogger info
INFO: Milestone4.client.views.ChatPanel: Wrapper size: java.awt.Dimension[width=483,height=311]
Aug 05, 2022 11:34:57 PM Milestone4.common.MyLogger info
INFO: Milestone4.client.views.ChatPanel: Wrapper size: java.awt.Dimension[width=507,height=311]
Aug 05, 2022 11:34:57 PM Milestone4.common.MyLogger info
INFO: Milestone4.client.views.ChatPanel: Wrapper size: java.awt.Dimension[width=521,height=311]
Aug 05, 2022 11:34:57 PM Milestone4.common.MyLogger info
INFO: Milestone4.client.views.ChatPanel: Wrapper size: java.awt.Dimension[width=527,height=311]
Aug 05, 2022 11:35:02 PM Milestone4.common.MyLogger info
INFO: Milestone4.client.Client: Sent Payload: ClientId[0], ClientName[Arya], Type[MESSAGE], Number[0], Message[Hello]
Aug 05, 2022 11:35:11 PM Milestone4.common.MyLogger info
INFO: Milestone4.client.Client: Sent Payload: ClientId[0], ClientName[Arya], Type[MESSAGE], Number[0], Message[**Hi**]
Aug 05, 2022 11:35:19 PM Milestone4.common.MyLogger info
INFO: Milestone4.client.views.ChatPanel: Wrapper size: java.awt.Dimension[width=1511,height=989]
Aug 05, 2022 11:35:19 PM Milestone4.common.MyLogger info
INFO: Milestone4.client.views.ChatPanel: Wrapper size: java.awt.Dimension[width=1216,height=989]
Aug 05, 2022 11:35:19 PM Milestone4.common.MyLogger info
INFO: Milestone4.client.views.ChatPanel: Wrapper size: java.awt.Dimension[width=1305,height=989]
Aug 05, 2022 11:35:19 PM Milestone4.common.MyLogger info
INFO: Milestone4.client.views.ChatPanel: Wrapper size: java.awt.Dimension[width=1278,height=989]
Aug 05, 2022 11:35:19 PM Milestone4.common.MyLogger info
INFO: Milestone4.client.views.ChatPanel: Wrapper size: java.awt.Dimension[width=1286,height=989]
Aug 05, 2022 11:35:32 PM Milestone4.common.MyLogger info
INFO: Milestone4.client.Client: Sent Payload: ClientId[0], ClientName[null], Type[GET_ROOMS], Number[0], Message[lobb]
Aug 05, 2022 11:35:33 PM Milestone4.common.MyLogger info
INFO: Milestone4.client.Client: Sent Payload: ClientId[0], ClientName[null], Type[JOIN_ROOM], Number[0], Message[Lobby]
Aug 05, 2022 11:35:33 PM Milestone4.common.MyLogger info
INFO: Milestone4.client.Client: Sent Payload: ClientId[0], ClientName[null], Type[JOIN_ROOM], Number[0], Message[Lobby]
Aug 05, 2022 11:35:42 PM Milestone4.common.MyLogger info
INFO: Milestone4.client.Client: Sent Payload: ClientId[0], ClientName[null], Type[JOIN_ROOM], Number[0], Message[lobb]
Aug 05, 2022 11:35:48 PM Milestone4.common.MyLogger info
INFO: Milestone4.client.Client: Sent Payload: ClientId[0], ClientName[null], Type[GET_ROOMS], Number[0], Message[lo]
Aug 05, 2022 11:35:50 PM Milestone4.common.MyLogger info
INFO: Milestone4.client.Client: Sent Payload: ClientId[0], ClientName[null], Type[JOIN_ROOM], Number[0], Message[Lobby]
Aug 05, 2022 11:35:58 PM Milestone4.common.MyLogger info
INFO: Milestone4.client.Client: Sent Payload: ClientId[0], ClientName[Arya], Type[MESSAGE], Number[0], Message[flip]
Aug 05, 2022 11:36:00 PM Milestone4.common.MyLogger info
INFO: Milestone4.client.Client: Sent Payload: ClientId[0], ClientName[Arya], Type[MESSAGE], Number[0], Message[/flip]
Aug 05, 2022 11:36:06 PM Milestone4.common.MyLogger info
INFO: Milestone4.client.Client: Sent Payload: ClientId[0], ClientName[Arya], Type[MESSAGE], Number[0], Message[**/flip**]
Aug 05, 2022 11:36:13 PM Milestone4.common.MyLogger info
INFO: Milestone4.client.Client: Sent Payload: ClientId[0], ClientName[null], Type[DISCONNECT], Number[0], Message[null]
Aug 05, 2022 11:36:13 PM Milestone4.common.MyLogger info
INFO: Milestone4.client.views.UserListPanel: removing user list item for id 1
