Aug 07, 2022 4:51:55 PM Milestone4.common.MyLogger info
INFO: Milestone4.client.Client: Client connected
Aug 07, 2022 4:51:55 PM Milestone4.common.MyLogger info
INFO: Milestone4.client.Client: Listening for server messages
Aug 07, 2022 4:51:55 PM Milestone4.common.MyLogger info
INFO: Milestone4.client.Client: Sent Payload: ClientId[0], ClientName[Arya], Type[CONNECT], Number[0], Message[null]
Aug 07, 2022 4:51:56 PM Milestone4.common.MyLogger info
INFO: Milestone4.client.views.UserListPanel: Adding user to list: <font color="#bfa283">Arya</font> (1)
Aug 07, 2022 4:51:56 PM Milestone4.common.MyLogger info
INFO: Milestone4.client.views.UserListPanel: Userlist: java.awt.Dimension[width=0,height=307]
Aug 07, 2022 4:52:00 PM Milestone4.common.MyLogger info
INFO: Milestone4.client.views.UserListPanel: Adding user to list: <font color="#b87c7a">Tom</font> (2)
Aug 07, 2022 4:52:00 PM Milestone4.common.MyLogger info
INFO: Milestone4.client.views.UserListPanel: Userlist: java.awt.Dimension[width=0,height=307]
Aug 07, 2022 4:52:06 PM Milestone4.common.MyLogger info
INFO: Milestone4.client.views.UserListPanel: removing user list item for id 2
Aug 07, 2022 4:52:06 PM Milestone4.common.MyLogger info
INFO: Milestone4.client.views.UserListPanel: Adding user to list: <font color="#52ecde">Matt</font> (3)
Aug 07, 2022 4:52:06 PM Milestone4.common.MyLogger info
INFO: Milestone4.client.views.UserListPanel: Userlist: java.awt.Dimension[width=0,height=307]
Aug 07, 2022 4:53:02 PM Milestone4.common.MyLogger info
INFO: Milestone4.client.Client: Sent Payload: ClientId[0], ClientName[Arya], Type[MESSAGE], Number[0], Message[m matt]
Aug 07, 2022 4:53:02 PM Milestone4.common.MyLogger info
INFO: Milestone4.client.views.UserListPanel: removing user list item for id 3
Aug 07, 2022 4:53:10 PM Milestone4.common.MyLogger info
INFO: Milestone4.client.Client: Sent Payload: ClientId[0], ClientName[Arya], Type[MESSAGE], Number[0], Message[hi]
Aug 07, 2022 4:53:23 PM Milestone4.common.MyLogger info
INFO: Milestone4.client.Client: Sent Payload: ClientId[0], ClientName[Arya], Type[MESSAGE], Number[0], Message[u matt]
Aug 07, 2022 4:53:26 PM Milestone4.common.MyLogger info
INFO: Milestone4.client.Client: Sent Payload: ClientId[0], ClientName[Arya], Type[MESSAGE], Number[0], Message[m matt]
Aug 07, 2022 4:54:06 PM Milestone4.common.MyLogger info
INFO: Milestone4.client.Client: Sent Payload: ClientId[0], ClientName[Arya], Type[MESSAGE], Number[0], Message[/flip]
