Aug 07, 2022 8:18:53 PM Milestone4.common.MyLogger info
INFO: Milestone4.client.Client: Client connected
Aug 07, 2022 8:18:53 PM Milestone4.common.MyLogger info
INFO: Milestone4.client.Client: Listening for server messages
Aug 07, 2022 8:18:53 PM Milestone4.common.MyLogger info
INFO: Milestone4.client.Client: Sent Payload: ClientId[0], ClientName[Arya], Type[CONNECT], Number[0], Message[null]
Aug 07, 2022 8:18:53 PM Milestone4.common.MyLogger info
INFO: Milestone4.client.views.UserListPanel: Adding user to list: <font color="#d3f9c1">Arya</font> (1)
Aug 07, 2022 8:18:53 PM Milestone4.common.MyLogger info
INFO: Milestone4.client.views.UserListPanel: Userlist: java.awt.Dimension[width=0,height=307]
Aug 07, 2022 8:18:58 PM Milestone4.common.MyLogger info
INFO: Milestone4.client.views.ChatPanel: Wrapper size: java.awt.Dimension[width=408,height=311]
Aug 07, 2022 8:18:58 PM Milestone4.common.MyLogger info
INFO: Milestone4.client.views.ChatPanel: Wrapper size: java.awt.Dimension[width=289,height=311]
Aug 07, 2022 8:18:58 PM Milestone4.common.MyLogger info
INFO: Milestone4.client.views.ChatPanel: Wrapper size: java.awt.Dimension[width=338,height=311]
Aug 07, 2022 8:18:58 PM Milestone4.common.MyLogger info
INFO: Milestone4.client.views.ChatPanel: Wrapper size: java.awt.Dimension[width=355,height=311]
Aug 07, 2022 8:18:58 PM Milestone4.common.MyLogger info
INFO: Milestone4.client.views.ChatPanel: Wrapper size: java.awt.Dimension[width=350,height=311]
Aug 07, 2022 8:18:58 PM Milestone4.common.MyLogger info
INFO: Milestone4.client.views.ChatPanel: Wrapper size: java.awt.Dimension[width=375,height=311]
Aug 07, 2022 8:18:58 PM Milestone4.common.MyLogger info
INFO: Milestone4.client.views.ChatPanel: Wrapper size: java.awt.Dimension[width=385,height=311]
Aug 07, 2022 8:19:11 PM Milestone4.common.MyLogger info
INFO: Milestone4.client.views.UserListPanel: Adding user to list: <font color="#8b7aa0">B</font> (2)
Aug 07, 2022 8:19:11 PM Milestone4.common.MyLogger info
INFO: Milestone4.client.views.UserListPanel: Userlist: java.awt.Dimension[width=113,height=307]
Aug 07, 2022 8:19:21 PM Milestone4.common.MyLogger info
INFO: Milestone4.client.views.UserListPanel: removing user list item for id 2
Aug 07, 2022 8:19:21 PM Milestone4.common.MyLogger info
INFO: Milestone4.client.views.UserListPanel: Adding user to list: <font color="#8fb85f">C</font> (3)
Aug 07, 2022 8:19:21 PM Milestone4.common.MyLogger info
INFO: Milestone4.client.views.UserListPanel: Userlist: java.awt.Dimension[width=113,height=307]
