Aug 07, 2022 5:12:11 PM Milestone4.common.MyLogger info
INFO: Milestone4.client.Client: Client connected
Aug 07, 2022 5:12:11 PM Milestone4.common.MyLogger info
INFO: Milestone4.client.Client: Listening for server messages
Aug 07, 2022 5:12:11 PM Milestone4.common.MyLogger info
INFO: Milestone4.client.Client: Sent Payload: ClientId[0], ClientName[Arya], Type[CONNECT], Number[0], Message[null]
Aug 07, 2022 5:12:11 PM Milestone4.common.MyLogger info
INFO: Milestone4.client.views.UserListPanel: Adding user to list: <font color="#62ae7e">Arya</font> (1)
Aug 07, 2022 5:12:11 PM Milestone4.common.MyLogger info
INFO: Milestone4.client.views.UserListPanel: Userlist: java.awt.Dimension[width=0,height=307]
Aug 07, 2022 5:12:16 PM Milestone4.common.MyLogger info
INFO: Milestone4.client.views.UserListPanel: Adding user to list: <font color="#cde9ad">MAtt</font> (2)
Aug 07, 2022 5:12:16 PM Milestone4.common.MyLogger info
INFO: Milestone4.client.views.UserListPanel: Userlist: java.awt.Dimension[width=0,height=307]
Aug 07, 2022 5:12:20 PM Milestone4.common.MyLogger info
INFO: Milestone4.client.views.UserListPanel: removing user list item for id 2
Aug 07, 2022 5:12:20 PM Milestone4.common.MyLogger info
INFO: Milestone4.client.views.UserListPanel: Adding user to list: <font color="#e6e282">Tom</font> (3)
Aug 07, 2022 5:12:20 PM Milestone4.common.MyLogger info
INFO: Milestone4.client.views.UserListPanel: Userlist: java.awt.Dimension[width=0,height=307]
Aug 07, 2022 5:12:27 PM Milestone4.common.MyLogger info
INFO: Milestone4.client.views.ChatPanel: Wrapper size: java.awt.Dimension[width=407,height=311]
Aug 07, 2022 5:12:27 PM Milestone4.common.MyLogger info
INFO: Milestone4.client.views.ChatPanel: Wrapper size: java.awt.Dimension[width=335,height=311]
Aug 07, 2022 5:12:27 PM Milestone4.common.MyLogger info
INFO: Milestone4.client.views.ChatPanel: Wrapper size: java.awt.Dimension[width=409,height=311]
Aug 07, 2022 5:12:27 PM Milestone4.common.MyLogger info
INFO: Milestone4.client.views.ChatPanel: Wrapper size: java.awt.Dimension[width=397,height=311]
Aug 07, 2022 5:12:27 PM Milestone4.common.MyLogger info
INFO: Milestone4.client.views.ChatPanel: Wrapper size: java.awt.Dimension[width=430,height=311]
Aug 07, 2022 5:12:27 PM Milestone4.common.MyLogger info
INFO: Milestone4.client.views.ChatPanel: Wrapper size: java.awt.Dimension[width=420,height=311]
Aug 07, 2022 5:12:27 PM Milestone4.common.MyLogger info
INFO: Milestone4.client.views.ChatPanel: Wrapper size: java.awt.Dimension[width=434,height=311]
Aug 07, 2022 5:12:27 PM Milestone4.common.MyLogger info
INFO: Milestone4.client.views.ChatPanel: Wrapper size: java.awt.Dimension[width=440,height=311]
Aug 07, 2022 5:12:27 PM Milestone4.common.MyLogger info
INFO: Milestone4.client.views.ChatPanel: Wrapper size: java.awt.Dimension[width=453,height=311]
Aug 07, 2022 5:12:27 PM Milestone4.common.MyLogger info
INFO: Milestone4.client.views.ChatPanel: Wrapper size: java.awt.Dimension[width=458,height=311]
Aug 07, 2022 5:12:27 PM Milestone4.common.MyLogger info
INFO: Milestone4.client.views.ChatPanel: Wrapper size: java.awt.Dimension[width=463,height=311]
Aug 07, 2022 5:12:31 PM Milestone4.common.MyLogger info
INFO: Milestone4.client.Client: Sent Payload: ClientId[0], ClientName[Arya], Type[MESSAGE], Number[0], Message[Hi]
Aug 07, 2022 5:12:31 PM Milestone4.common.MyLogger info
INFO: Milestone4.client.views.UserListPanel: removing user list item for id 3
Aug 07, 2022 5:12:38 PM Milestone4.common.MyLogger info
INFO: Milestone4.client.Client: Sent Payload: ClientId[0], ClientName[null], Type[DISCONNECT], Number[0], Message[null]
Aug 07, 2022 5:12:38 PM Milestone4.common.MyLogger info
INFO: Milestone4.client.views.UserListPanel: removing user list item for id 1
