Aug 07, 2022 6:28:23 PM Milestone4.common.MyLogger info
INFO: Milestone4.client.Client: Client connected
Aug 07, 2022 6:28:23 PM Milestone4.common.MyLogger info
INFO: Milestone4.client.Client: Listening for server messages
Aug 07, 2022 6:28:23 PM Milestone4.common.MyLogger info
INFO: Milestone4.client.Client: Sent Payload: ClientId[0], ClientName[A], Type[CONNECT], Number[0], Message[null]
Aug 07, 2022 6:28:23 PM Milestone4.common.MyLogger info
INFO: Milestone4.client.views.UserListPanel: Adding user to list: <font color="#67f9e1">A</font> (1)
Aug 07, 2022 6:28:23 PM Milestone4.common.MyLogger info
INFO: Milestone4.client.views.UserListPanel: Userlist: java.awt.Dimension[width=0,height=307]
Aug 07, 2022 6:28:25 PM Milestone4.common.MyLogger info
INFO: Milestone4.client.views.UserListPanel: Adding user to list: <font color="#a5b1b4">B</font> (2)
Aug 07, 2022 6:28:25 PM Milestone4.common.MyLogger info
INFO: Milestone4.client.views.UserListPanel: Userlist: java.awt.Dimension[width=0,height=307]
Aug 07, 2022 6:28:33 PM Milestone4.common.MyLogger info
INFO: Milestone4.client.views.UserListPanel: removing user list item for id 2
Aug 07, 2022 6:28:33 PM Milestone4.common.MyLogger info
INFO: Milestone4.client.views.UserListPanel: Adding user to list: <font color="#7a99c5">C</font> (3)
Aug 07, 2022 6:28:33 PM Milestone4.common.MyLogger info
INFO: Milestone4.client.views.UserListPanel: Userlist: java.awt.Dimension[width=0,height=307]
Aug 07, 2022 6:28:43 PM Milestone4.common.MyLogger info
INFO: Milestone4.client.Client: Sent Payload: ClientId[0], ClientName[A], Type[MESSAGE], Number[0], Message[Hi]
Aug 07, 2022 6:28:43 PM Milestone4.common.MyLogger info
INFO: Milestone4.client.views.UserListPanel: removing user list item for id 3
Aug 07, 2022 6:28:46 PM Milestone4.common.MyLogger info
INFO: Milestone4.client.Client: Sent Payload: ClientId[0], ClientName[null], Type[DISCONNECT], Number[0], Message[null]
Aug 07, 2022 6:28:46 PM Milestone4.common.MyLogger info
INFO: Milestone4.client.views.UserListPanel: removing user list item for id 1
