Aug 07, 2022 5:37:38 PM Milestone4.common.MyLogger info
INFO: Milestone4.client.Client: Client connected
Aug 07, 2022 5:37:38 PM Milestone4.common.MyLogger info
INFO: Milestone4.client.Client: Listening for server messages
Aug 07, 2022 5:37:38 PM Milestone4.common.MyLogger info
INFO: Milestone4.client.Client: Sent Payload: ClientId[0], ClientName[Tom], Type[CONNECT], Number[0], Message[null]
Aug 07, 2022 5:37:38 PM Milestone4.common.MyLogger info
INFO: Milestone4.client.views.UserListPanel: Adding user to list: <font color="#df83e5">Tom</font> (3)
Aug 07, 2022 5:37:38 PM Milestone4.common.MyLogger info
INFO: Milestone4.client.views.UserListPanel: Userlist: java.awt.Dimension[width=0,height=307]
Aug 07, 2022 5:51:28 PM Milestone4.common.MyLogger info
INFO: Milestone4.client.views.ChatPanel: Wrapper size: java.awt.Dimension[width=409,height=311]
Aug 07, 2022 5:51:28 PM Milestone4.common.MyLogger info
INFO: Milestone4.client.views.ChatPanel: Wrapper size: java.awt.Dimension[width=309,height=311]
Aug 07, 2022 5:51:28 PM Milestone4.common.MyLogger info
INFO: Milestone4.client.views.ChatPanel: Wrapper size: java.awt.Dimension[width=347,height=311]
Aug 07, 2022 5:51:28 PM Milestone4.common.MyLogger info
INFO: Milestone4.client.views.ChatPanel: Wrapper size: java.awt.Dimension[width=354,height=311]
Aug 07, 2022 5:51:28 PM Milestone4.common.MyLogger info
INFO: Milestone4.client.views.ChatPanel: Wrapper size: java.awt.Dimension[width=364,height=311]
Aug 07, 2022 5:51:28 PM Milestone4.common.MyLogger info
INFO: Milestone4.client.views.ChatPanel: Wrapper size: java.awt.Dimension[width=370,height=311]
Aug 07, 2022 5:51:28 PM Milestone4.common.MyLogger info
INFO: Milestone4.client.views.ChatPanel: Wrapper size: java.awt.Dimension[width=375,height=311]
Aug 07, 2022 5:51:28 PM Milestone4.common.MyLogger info
INFO: Milestone4.client.views.ChatPanel: Wrapper size: java.awt.Dimension[width=381,height=311]
Aug 07, 2022 5:51:29 PM Milestone4.common.MyLogger info
INFO: Milestone4.client.views.ChatPanel: Wrapper size: java.awt.Dimension[width=387,height=311]
Aug 07, 2022 5:51:29 PM Milestone4.common.MyLogger info
INFO: Milestone4.client.views.ChatPanel: Wrapper size: java.awt.Dimension[width=392,height=311]
Aug 07, 2022 5:51:29 PM Milestone4.common.MyLogger info
INFO: Milestone4.client.views.ChatPanel: Wrapper size: java.awt.Dimension[width=398,height=311]
Aug 07, 2022 5:51:29 PM Milestone4.common.MyLogger info
INFO: Milestone4.client.views.ChatPanel: Wrapper size: java.awt.Dimension[width=403,height=311]
Aug 07, 2022 5:51:29 PM Milestone4.common.MyLogger info
INFO: Milestone4.client.views.ChatPanel: Wrapper size: java.awt.Dimension[width=408,height=311]
Aug 07, 2022 5:51:30 PM Milestone4.common.MyLogger info
INFO: Milestone4.client.views.ChatPanel: Wrapper size: java.awt.Dimension[width=413,height=311]
