Aug 07, 2022 6:28:25 PM Milestone4.common.MyLogger info
INFO: Milestone4.client.Client: Client connected
Aug 07, 2022 6:28:25 PM Milestone4.common.MyLogger info
INFO: Milestone4.client.Client: Listening for server messages
Aug 07, 2022 6:28:25 PM Milestone4.common.MyLogger info
INFO: Milestone4.client.Client: Sent Payload: ClientId[0], ClientName[B], Type[CONNECT], Number[0], Message[null]
Aug 07, 2022 6:28:25 PM Milestone4.common.MyLogger info
INFO: Milestone4.client.views.UserListPanel: Adding user to list: <font color="#a5b1b4">B</font> (2)
Aug 07, 2022 6:28:25 PM Milestone4.common.MyLogger info
INFO: Milestone4.client.views.UserListPanel: Userlist: java.awt.Dimension[width=0,height=307]
Aug 07, 2022 6:28:28 PM Milestone4.common.MyLogger info
INFO: Milestone4.client.views.ChatPanel: Wrapper size: java.awt.Dimension[width=419,height=311]
Aug 07, 2022 6:28:28 PM Milestone4.common.MyLogger info
INFO: Milestone4.client.views.ChatPanel: Wrapper size: java.awt.Dimension[width=326,height=311]
Aug 07, 2022 6:28:28 PM Milestone4.common.MyLogger info
INFO: Milestone4.client.views.ChatPanel: Wrapper size: java.awt.Dimension[width=394,height=311]
Aug 07, 2022 6:28:28 PM Milestone4.common.MyLogger info
INFO: Milestone4.client.views.ChatPanel: Wrapper size: java.awt.Dimension[width=373,height=311]
Aug 07, 2022 6:28:28 PM Milestone4.common.MyLogger info
INFO: Milestone4.client.views.ChatPanel: Wrapper size: java.awt.Dimension[width=459,height=311]
Aug 07, 2022 6:28:28 PM Milestone4.common.MyLogger info
INFO: Milestone4.client.views.ChatPanel: Wrapper size: java.awt.Dimension[width=449,height=311]
Aug 07, 2022 6:28:28 PM Milestone4.common.MyLogger info
INFO: Milestone4.client.views.ChatPanel: Wrapper size: java.awt.Dimension[width=471,height=311]
Aug 07, 2022 6:28:28 PM Milestone4.common.MyLogger info
INFO: Milestone4.client.views.ChatPanel: Wrapper size: java.awt.Dimension[width=466,height=311]
Aug 07, 2022 6:28:28 PM Milestone4.common.MyLogger info
INFO: Milestone4.client.views.ChatPanel: Wrapper size: java.awt.Dimension[width=471,height=311]
Aug 07, 2022 6:28:29 PM Milestone4.common.MyLogger info
INFO: Milestone4.client.views.ChatPanel: Wrapper size: java.awt.Dimension[width=461,height=311]
Aug 07, 2022 6:28:29 PM Milestone4.common.MyLogger info
INFO: Milestone4.client.views.ChatPanel: Wrapper size: java.awt.Dimension[width=454,height=311]
Aug 07, 2022 6:28:29 PM Milestone4.common.MyLogger info
INFO: Milestone4.client.views.ChatPanel: Wrapper size: java.awt.Dimension[width=429,height=311]
Aug 07, 2022 6:28:29 PM Milestone4.common.MyLogger info
INFO: Milestone4.client.views.ChatPanel: Wrapper size: java.awt.Dimension[width=423,height=311]
Aug 07, 2022 6:28:29 PM Milestone4.common.MyLogger info
INFO: Milestone4.client.views.ChatPanel: Wrapper size: java.awt.Dimension[width=405,height=311]
Aug 07, 2022 6:28:29 PM Milestone4.common.MyLogger info
INFO: Milestone4.client.views.ChatPanel: Wrapper size: java.awt.Dimension[width=383,height=311]
Aug 07, 2022 6:28:29 PM Milestone4.common.MyLogger info
INFO: Milestone4.client.views.ChatPanel: Wrapper size: java.awt.Dimension[width=390,height=311]
Aug 07, 2022 6:28:29 PM Milestone4.common.MyLogger info
INFO: Milestone4.client.views.ChatPanel: Wrapper size: java.awt.Dimension[width=375,height=311]
Aug 07, 2022 6:28:29 PM Milestone4.common.MyLogger info
INFO: Milestone4.client.views.ChatPanel: Wrapper size: java.awt.Dimension[width=351,height=311]
Aug 07, 2022 6:28:29 PM Milestone4.common.MyLogger info
INFO: Milestone4.client.views.ChatPanel: Wrapper size: java.awt.Dimension[width=342,height=311]
Aug 07, 2022 6:28:29 PM Milestone4.common.MyLogger info
INFO: Milestone4.client.views.ChatPanel: Wrapper size: java.awt.Dimension[width=336,height=311]
