Aug 08, 2022 9:17:22 PM Project.common.MyLogger info
INFO: Project.client.Client: Client connected
Aug 08, 2022 9:17:22 PM Project.common.MyLogger info
INFO: Project.client.Client: Listening for server messages
Aug 08, 2022 9:17:22 PM Project.common.MyLogger info
INFO: Project.client.Client: Sent Payload: ClientId[0], ClientName[John], Type[CONNECT], Number[0], Message[null]
Aug 08, 2022 9:17:22 PM Project.common.MyLogger info
INFO: Project.client.views.UserListPanel: Adding user to list: <font color="#cfd3de">John</font> (2)
Aug 08, 2022 9:17:22 PM Project.common.MyLogger info
INFO: Project.client.views.UserListPanel: Userlist: java.awt.Dimension[width=0,height=307]
Aug 08, 2022 9:17:22 PM Project.common.MyLogger info
INFO: Project.client.views.UserListPanel: Adding user to list: <font color="#54a7ab">Arya</font> (1)
Aug 08, 2022 9:17:22 PM Project.common.MyLogger info
INFO: Project.client.views.UserListPanel: Userlist: java.awt.Dimension[width=0,height=307]
Aug 08, 2022 9:17:23 PM Project.common.MyLogger info
INFO: Project.client.views.UserListPanel: Adding user to list: <font color="#e7af61">Tom</font> (3)
Aug 08, 2022 9:17:23 PM Project.common.MyLogger info
INFO: Project.client.views.UserListPanel: Userlist: java.awt.Dimension[width=0,height=307]
Aug 08, 2022 9:17:32 PM Project.common.MyLogger info
INFO: Project.client.views.ChatPanel: Wrapper size: java.awt.Dimension[width=563,height=311]
Aug 08, 2022 9:17:32 PM Project.common.MyLogger info
INFO: Project.client.views.ChatPanel: Wrapper size: java.awt.Dimension[width=419,height=311]
Aug 08, 2022 9:17:32 PM Project.common.MyLogger info
INFO: Project.client.views.ChatPanel: Wrapper size: java.awt.Dimension[width=479,height=311]
Aug 08, 2022 9:17:32 PM Project.common.MyLogger info
INFO: Project.client.views.ChatPanel: Wrapper size: java.awt.Dimension[width=495,height=311]
Aug 08, 2022 9:17:32 PM Project.common.MyLogger info
INFO: Project.client.views.ChatPanel: Wrapper size: java.awt.Dimension[width=490,height=311]
Aug 08, 2022 9:17:32 PM Project.common.MyLogger info
INFO: Project.client.views.ChatPanel: Wrapper size: java.awt.Dimension[width=506,height=311]
Aug 08, 2022 9:17:32 PM Project.common.MyLogger info
INFO: Project.client.views.ChatPanel: Wrapper size: java.awt.Dimension[width=511,height=311]
Aug 08, 2022 9:17:32 PM Project.common.MyLogger info
INFO: Project.client.views.ChatPanel: Wrapper size: java.awt.Dimension[width=517,height=311]
Aug 08, 2022 9:17:32 PM Project.common.MyLogger info
INFO: Project.client.views.ChatPanel: Wrapper size: java.awt.Dimension[width=526,height=311]
Aug 08, 2022 9:17:32 PM Project.common.MyLogger info
INFO: Project.client.views.ChatPanel: Wrapper size: java.awt.Dimension[width=531,height=311]
Aug 08, 2022 9:17:32 PM Project.common.MyLogger info
INFO: Project.client.views.ChatPanel: Wrapper size: java.awt.Dimension[width=543,height=311]
Aug 08, 2022 9:17:33 PM Project.common.MyLogger info
INFO: Project.client.views.ChatPanel: Wrapper size: java.awt.Dimension[width=538,height=311]
Aug 08, 2022 9:17:33 PM Project.common.MyLogger info
INFO: Project.client.views.ChatPanel: Wrapper size: java.awt.Dimension[width=532,height=311]
Aug 08, 2022 9:17:33 PM Project.common.MyLogger info
INFO: Project.client.views.ChatPanel: Wrapper size: java.awt.Dimension[width=523,height=311]
Aug 08, 2022 9:17:33 PM Project.common.MyLogger info
INFO: Project.client.views.ChatPanel: Wrapper size: java.awt.Dimension[width=518,height=311]
Aug 08, 2022 9:19:44 PM Project.common.MyLogger info
INFO: Project.client.views.UserListPanel: removing user list item for id 1
Aug 08, 2022 9:20:13 PM Project.common.MyLogger info
INFO: Project.client.views.UserListPanel: removing user list item for id 3
Aug 08, 2022 9:21:02 PM Project.common.MyLogger info
INFO: Project.client.views.UserListPanel: Adding user to list: <font color="#c755b8">Arya</font> (1)
Aug 08, 2022 9:21:02 PM Project.common.MyLogger info
INFO: Project.client.views.UserListPanel: Userlist: java.awt.Dimension[width=157,height=307]
Aug 08, 2022 9:21:30 PM Project.common.MyLogger info
INFO: Project.client.views.UserListPanel: Adding user to list: <font color="#87975c">Tom</font> (3)
Aug 08, 2022 9:21:30 PM Project.common.MyLogger info
INFO: Project.client.views.UserListPanel: Userlist: java.awt.Dimension[width=157,height=307]
Aug 08, 2022 9:24:59 PM Project.common.MyLogger info
INFO: Project.client.Client: Sent Payload: ClientId[0], ClientName[John], Type[MESSAGE], Number[0], Message[I pick 9]
