Aug 07, 2022 9:26:20 PM Project.common.MyLogger info
INFO: Project.client.Client: Client connected
Aug 07, 2022 9:26:20 PM Project.common.MyLogger info
INFO: Project.client.Client: Listening for server messages
Aug 07, 2022 9:26:20 PM Project.common.MyLogger info
INFO: Project.client.Client: Sent Payload: ClientId[0], ClientName[A], Type[CONNECT], Number[0], Message[null]
Aug 07, 2022 9:26:21 PM Project.common.MyLogger info
INFO: Project.client.views.UserListPanel: Adding user to list: <font color="#717f7d">A</font> (1)
Aug 07, 2022 9:26:21 PM Project.common.MyLogger info
INFO: Project.client.views.UserListPanel: Userlist: java.awt.Dimension[width=0,height=307]
Aug 07, 2022 9:27:09 PM Project.common.MyLogger info
INFO: Project.client.views.UserListPanel: Adding user to list: <font color="#ce5ea0">B</font> (2)
Aug 07, 2022 9:27:09 PM Project.common.MyLogger info
INFO: Project.client.views.UserListPanel: Userlist: java.awt.Dimension[width=0,height=307]
Aug 07, 2022 9:27:17 PM Project.common.MyLogger info
INFO: Project.client.views.UserListPanel: removing user list item for id 2
Aug 07, 2022 9:27:17 PM Project.common.MyLogger info
INFO: Project.client.views.UserListPanel: Adding user to list: <font color="#c6f689">C</font> (3)
Aug 07, 2022 9:27:17 PM Project.common.MyLogger info
INFO: Project.client.views.UserListPanel: Userlist: java.awt.Dimension[width=0,height=307]
Aug 07, 2022 9:38:38 PM Project.common.MyLogger info
INFO: Project.client.Client: Sent Payload: ClientId[0], ClientName[null], Type[DISCONNECT], Number[0], Message[null]
Aug 07, 2022 9:38:38 PM Project.common.MyLogger info
INFO: Project.client.views.UserListPanel: removing user list item for id 1
