Aug 08, 2022 7:56:57 PM Project.common.MyLogger info
INFO: Project.client.Client: Client connected
Aug 08, 2022 7:56:57 PM Project.common.MyLogger info
INFO: Project.client.Client: Listening for server messages
Aug 08, 2022 7:56:57 PM Project.common.MyLogger info
INFO: Project.client.Client: Sent Payload: ClientId[0], ClientName[Arya], Type[CONNECT], Number[0], Message[null]
Aug 08, 2022 7:56:58 PM Project.common.MyLogger info
INFO: Project.client.views.UserListPanel: Adding user to list: <font color="#c3bb61">Arya</font> (1)
Aug 08, 2022 7:56:58 PM Project.common.MyLogger info
INFO: Project.client.views.UserListPanel: Userlist: java.awt.Dimension[width=0,height=307]
Aug 08, 2022 7:57:00 PM Project.common.MyLogger info
INFO: Project.client.views.ChatPanel: Wrapper size: java.awt.Dimension[width=424,height=311]
Aug 08, 2022 7:57:00 PM Project.common.MyLogger info
INFO: Project.client.views.ChatPanel: Wrapper size: java.awt.Dimension[width=300,height=311]
Aug 08, 2022 7:57:00 PM Project.common.MyLogger info
INFO: Project.client.views.ChatPanel: Wrapper size: java.awt.Dimension[width=372,height=311]
Aug 08, 2022 7:57:00 PM Project.common.MyLogger info
INFO: Project.client.views.ChatPanel: Wrapper size: java.awt.Dimension[width=379,height=311]
Aug 08, 2022 7:57:04 PM Project.common.MyLogger info
INFO: Project.client.views.UserListPanel: Adding user to list: <font color="#67f4eb">Jon</font> (2)
Aug 08, 2022 7:57:04 PM Project.common.MyLogger info
INFO: Project.client.views.UserListPanel: Userlist: java.awt.Dimension[width=112,height=307]
Aug 08, 2022 7:57:12 PM Project.common.MyLogger info
INFO: Project.client.views.UserListPanel: removing user list item for id 2
Aug 08, 2022 7:57:14 PM Project.common.MyLogger info
INFO: Project.client.Client: Sent Payload: ClientId[0], ClientName[null], Type[DISCONNECT], Number[0], Message[null]
Aug 08, 2022 7:57:14 PM Project.common.MyLogger info
INFO: Project.client.views.UserListPanel: removing user list item for id 1
