Aug 08, 2022 12:24:03 AM Project.common.MyLogger info
INFO: Project.client.Client: Client connected
Aug 08, 2022 12:24:03 AM Project.common.MyLogger info
INFO: Project.client.Client: Listening for server messages
Aug 08, 2022 12:24:03 AM Project.common.MyLogger info
INFO: Project.client.Client: Sent Payload: ClientId[0], ClientName[Arya], Type[CONNECT], Number[0], Message[null]
Aug 08, 2022 12:24:03 AM Project.common.MyLogger info
INFO: Project.client.views.UserListPanel: Adding user to list: <font color="#9f7cfa">Arya</font> (1)
Aug 08, 2022 12:24:03 AM Project.common.MyLogger info
INFO: Project.client.views.UserListPanel: Userlist: java.awt.Dimension[width=0,height=307]
Aug 08, 2022 12:24:13 AM Project.common.MyLogger info
INFO: Project.client.views.ChatPanel: Wrapper size: java.awt.Dimension[width=406,height=311]
Aug 08, 2022 12:24:13 AM Project.common.MyLogger info
INFO: Project.client.views.ChatPanel: Wrapper size: java.awt.Dimension[width=288,height=311]
Aug 08, 2022 12:24:13 AM Project.common.MyLogger info
INFO: Project.client.views.ChatPanel: Wrapper size: java.awt.Dimension[width=354,height=311]
Aug 08, 2022 12:24:13 AM Project.common.MyLogger info
INFO: Project.client.views.ChatPanel: Wrapper size: java.awt.Dimension[width=378,height=311]
Aug 08, 2022 12:24:13 AM Project.common.MyLogger info
INFO: Project.client.views.ChatPanel: Wrapper size: java.awt.Dimension[width=391,height=311]
Aug 08, 2022 12:24:13 AM Project.common.MyLogger info
INFO: Project.client.views.ChatPanel: Wrapper size: java.awt.Dimension[width=401,height=311]
Aug 08, 2022 12:24:13 AM Project.common.MyLogger info
INFO: Project.client.views.ChatPanel: Wrapper size: java.awt.Dimension[width=409,height=311]
Aug 08, 2022 12:24:13 AM Project.common.MyLogger info
INFO: Project.client.views.ChatPanel: Wrapper size: java.awt.Dimension[width=415,height=311]
Aug 08, 2022 12:24:13 AM Project.common.MyLogger info
INFO: Project.client.views.ChatPanel: Wrapper size: java.awt.Dimension[width=425,height=311]
Aug 08, 2022 12:24:34 AM Project.common.MyLogger info
INFO: Project.client.Client: Sent Payload: ClientId[0], ClientName[null], Type[DISCONNECT], Number[0], Message[null]
