Aug 08, 2022 8:14:20 PM Project.common.MyLogger info
INFO: Project.client.Client: Client connected
Aug 08, 2022 8:14:20 PM Project.common.MyLogger info
INFO: Project.client.Client: Listening for server messages
Aug 08, 2022 8:14:20 PM Project.common.MyLogger info
INFO: Project.client.Client: Sent Payload: ClientId[0], ClientName[B], Type[CONNECT], Number[0], Message[null]
Aug 08, 2022 8:14:20 PM Project.common.MyLogger info
INFO: Project.client.views.UserListPanel: Adding user to list: <font color="#738d5d">B</font> (3)
Aug 08, 2022 8:14:20 PM Project.common.MyLogger info
INFO: Project.client.views.UserListPanel: Userlist: java.awt.Dimension[width=0,height=307]
Aug 08, 2022 8:14:20 PM Project.common.MyLogger info
INFO: Project.client.views.UserListPanel: Adding user to list: <font color="#e3c970">Jon</font> (1)
Aug 08, 2022 8:14:20 PM Project.common.MyLogger info
INFO: Project.client.views.UserListPanel: Userlist: java.awt.Dimension[width=0,height=307]
Aug 08, 2022 8:14:20 PM Project.common.MyLogger info
INFO: Project.client.views.UserListPanel: Adding user to list: <font color="#66dcaf">A</font> (2)
Aug 08, 2022 8:14:20 PM Project.common.MyLogger info
INFO: Project.client.views.UserListPanel: Userlist: java.awt.Dimension[width=0,height=307]
Aug 08, 2022 8:14:23 PM Project.common.MyLogger info
INFO: Project.client.views.ChatPanel: Wrapper size: java.awt.Dimension[width=593,height=311]
Aug 08, 2022 8:14:23 PM Project.common.MyLogger info
INFO: Project.client.views.ChatPanel: Wrapper size: java.awt.Dimension[width=432,height=311]
Aug 08, 2022 8:14:23 PM Project.common.MyLogger info
INFO: Project.client.views.ChatPanel: Wrapper size: java.awt.Dimension[width=486,height=311]
Aug 08, 2022 8:14:23 PM Project.common.MyLogger info
INFO: Project.client.views.ChatPanel: Wrapper size: java.awt.Dimension[width=479,height=311]
Aug 08, 2022 8:14:23 PM Project.common.MyLogger info
INFO: Project.client.views.ChatPanel: Wrapper size: java.awt.Dimension[width=491,height=311]
Aug 08, 2022 8:14:23 PM Project.common.MyLogger info
INFO: Project.client.views.ChatPanel: Wrapper size: java.awt.Dimension[width=496,height=311]
Aug 08, 2022 8:14:23 PM Project.common.MyLogger info
INFO: Project.client.views.ChatPanel: Wrapper size: java.awt.Dimension[width=512,height=311]
Aug 08, 2022 8:14:23 PM Project.common.MyLogger info
INFO: Project.client.views.ChatPanel: Wrapper size: java.awt.Dimension[width=520,height=311]
Aug 08, 2022 8:14:23 PM Project.common.MyLogger info
INFO: Project.client.views.ChatPanel: Wrapper size: java.awt.Dimension[width=527,height=311]
Aug 08, 2022 8:14:23 PM Project.common.MyLogger info
INFO: Project.client.views.ChatPanel: Wrapper size: java.awt.Dimension[width=533,height=311]
Aug 08, 2022 8:14:23 PM Project.common.MyLogger info
INFO: Project.client.views.ChatPanel: Wrapper size: java.awt.Dimension[width=541,height=311]
Aug 08, 2022 8:14:23 PM Project.common.MyLogger info
INFO: Project.client.views.ChatPanel: Wrapper size: java.awt.Dimension[width=546,height=311]
Aug 08, 2022 8:14:23 PM Project.common.MyLogger info
INFO: Project.client.views.ChatPanel: Wrapper size: java.awt.Dimension[width=551,height=311]
Aug 08, 2022 8:14:23 PM Project.common.MyLogger info
INFO: Project.client.views.ChatPanel: Wrapper size: java.awt.Dimension[width=558,height=311]
Aug 08, 2022 8:14:23 PM Project.common.MyLogger info
INFO: Project.client.views.ChatPanel: Wrapper size: java.awt.Dimension[width=553,height=311]
Aug 08, 2022 8:14:24 PM Project.common.MyLogger info
INFO: Project.client.views.ChatPanel: Wrapper size: java.awt.Dimension[width=560,height=311]
Aug 08, 2022 8:14:24 PM Project.common.MyLogger info
INFO: Project.client.views.ChatPanel: Wrapper size: java.awt.Dimension[width=568,height=311]
Aug 08, 2022 8:14:24 PM Project.common.MyLogger info
INFO: Project.client.views.ChatPanel: Wrapper size: java.awt.Dimension[width=574,height=311]
Aug 08, 2022 8:14:24 PM Project.common.MyLogger info
INFO: Project.client.views.ChatPanel: Wrapper size: java.awt.Dimension[width=581,height=311]
Aug 08, 2022 8:14:24 PM Project.common.MyLogger info
INFO: Project.client.views.ChatPanel: Wrapper size: java.awt.Dimension[width=589,height=311]
Aug 08, 2022 8:14:24 PM Project.common.MyLogger info
INFO: Project.client.views.ChatPanel: Wrapper size: java.awt.Dimension[width=595,height=311]
Aug 08, 2022 8:14:24 PM Project.common.MyLogger info
INFO: Project.client.views.ChatPanel: Wrapper size: java.awt.Dimension[width=600,height=311]
Aug 08, 2022 8:14:24 PM Project.common.MyLogger info
INFO: Project.client.views.ChatPanel: Wrapper size: java.awt.Dimension[width=605,height=311]
Aug 08, 2022 8:40:14 PM Project.common.MyLogger info
INFO: Project.client.views.ChatPanel: Wrapper size: java.awt.Dimension[width=594,height=311]
Aug 08, 2022 8:40:14 PM Project.common.MyLogger info
INFO: Project.client.views.ChatPanel: Wrapper size: java.awt.Dimension[width=587,height=311]
Aug 08, 2022 8:40:14 PM Project.common.MyLogger info
INFO: Project.client.views.ChatPanel: Wrapper size: java.awt.Dimension[width=580,height=311]
Aug 08, 2022 8:40:14 PM Project.common.MyLogger info
INFO: Project.client.views.ChatPanel: Wrapper size: java.awt.Dimension[width=570,height=311]
Aug 08, 2022 8:40:14 PM Project.common.MyLogger info
INFO: Project.client.views.ChatPanel: Wrapper size: java.awt.Dimension[width=561,height=311]
Aug 08, 2022 8:40:14 PM Project.common.MyLogger info
INFO: Project.client.views.ChatPanel: Wrapper size: java.awt.Dimension[width=556,height=311]
Aug 08, 2022 8:40:14 PM Project.common.MyLogger info
INFO: Project.client.views.ChatPanel: Wrapper size: java.awt.Dimension[width=550,height=311]
Aug 08, 2022 8:40:14 PM Project.common.MyLogger info
INFO: Project.client.views.ChatPanel: Wrapper size: java.awt.Dimension[width=544,height=311]
Aug 08, 2022 8:40:14 PM Project.common.MyLogger info
INFO: Project.client.views.ChatPanel: Wrapper size: java.awt.Dimension[width=549,height=311]
Aug 08, 2022 8:40:14 PM Project.common.MyLogger info
INFO: Project.client.views.ChatPanel: Wrapper size: java.awt.Dimension[width=554,height=311]
Aug 08, 2022 8:40:14 PM Project.common.MyLogger info
INFO: Project.client.views.ChatPanel: Wrapper size: java.awt.Dimension[width=559,height=311]
