Aug 08, 2022 12:34:10 AM Project.common.MyLogger info
INFO: Project.client.Client: Client connected
Aug 08, 2022 12:34:10 AM Project.common.MyLogger info
INFO: Project.client.Client: Listening for server messages
Aug 08, 2022 12:34:10 AM Project.common.MyLogger info
INFO: Project.client.Client: Sent Payload: ClientId[0], ClientName[Arya], Type[CONNECT], Number[0], Message[null]
Aug 08, 2022 12:34:10 AM Project.common.MyLogger info
INFO: Project.client.views.UserListPanel: Adding user to list: <font color="#9fb7bf">Arya</font> (1)
Aug 08, 2022 12:34:10 AM Project.common.MyLogger info
INFO: Project.client.views.UserListPanel: Userlist: java.awt.Dimension[width=0,height=307]
Aug 08, 2022 12:34:19 AM Project.common.MyLogger info
INFO: Project.client.views.UserListPanel: Adding user to list: <font color="#c8a0c3">Ayushi</font> (2)
Aug 08, 2022 12:34:19 AM Project.common.MyLogger info
INFO: Project.client.views.UserListPanel: Userlist: java.awt.Dimension[width=0,height=307]
Aug 08, 2022 12:34:26 AM Project.common.MyLogger info
INFO: Project.client.views.ChatPanel: Wrapper size: java.awt.Dimension[width=401,height=311]
Aug 08, 2022 12:34:26 AM Project.common.MyLogger info
INFO: Project.client.views.ChatPanel: Wrapper size: java.awt.Dimension[width=301,height=311]
Aug 08, 2022 12:34:26 AM Project.common.MyLogger info
INFO: Project.client.views.ChatPanel: Wrapper size: java.awt.Dimension[width=357,height=311]
Aug 08, 2022 12:34:27 AM Project.common.MyLogger info
INFO: Project.client.views.ChatPanel: Wrapper size: java.awt.Dimension[width=398,height=311]
Aug 08, 2022 12:34:27 AM Project.common.MyLogger info
INFO: Project.client.views.ChatPanel: Wrapper size: java.awt.Dimension[width=409,height=311]
Aug 08, 2022 12:34:27 AM Project.common.MyLogger info
INFO: Project.client.views.ChatPanel: Wrapper size: java.awt.Dimension[width=420,height=311]
Aug 08, 2022 12:34:27 AM Project.common.MyLogger info
INFO: Project.client.views.ChatPanel: Wrapper size: java.awt.Dimension[width=432,height=311]
Aug 08, 2022 12:34:27 AM Project.common.MyLogger info
INFO: Project.client.views.ChatPanel: Wrapper size: java.awt.Dimension[width=437,height=311]
Aug 08, 2022 12:34:27 AM Project.common.MyLogger info
INFO: Project.client.views.ChatPanel: Wrapper size: java.awt.Dimension[width=432,height=311]
Aug 08, 2022 12:34:27 AM Project.common.MyLogger info
INFO: Project.client.views.ChatPanel: Wrapper size: java.awt.Dimension[width=427,height=311]
Aug 08, 2022 12:34:27 AM Project.common.MyLogger info
INFO: Project.client.views.ChatPanel: Wrapper size: java.awt.Dimension[width=419,height=311]
Aug 08, 2022 12:34:27 AM Project.common.MyLogger info
INFO: Project.client.views.ChatPanel: Wrapper size: java.awt.Dimension[width=414,height=311]
Aug 08, 2022 12:35:07 AM Project.common.MyLogger info
INFO: Project.client.views.UserListPanel: Adding user to list: <font color="#af8150">Tom</font> (3)
Aug 08, 2022 12:35:07 AM Project.common.MyLogger info
INFO: Project.client.views.UserListPanel: Userlist: java.awt.Dimension[width=126,height=307]
Aug 08, 2022 12:35:39 AM Project.common.MyLogger info
INFO: Project.client.Client: Sent Payload: ClientId[0], ClientName[Arya], Type[MESSAGE], Number[0], Message[Hi]
Aug 08, 2022 12:36:15 AM Project.common.MyLogger info
INFO: Project.client.Client: Sent Payload: ClientId[0], ClientName[Arya], Type[MESSAGE], Number[0], Message[@ayushi hi]
Aug 08, 2022 12:36:22 AM Project.common.MyLogger info
INFO: Project.client.Client: Sent Payload: ClientId[0], ClientName[Arya], Type[MESSAGE], Number[0], Message[@Ayushi hi]
Aug 08, 2022 12:36:39 AM Project.common.MyLogger info
INFO: Project.client.Client: Sent Payload: ClientId[0], ClientName[Arya], Type[MESSAGE], Number[0], Message[**HELLO**]
Aug 08, 2022 12:37:10 AM Project.common.MyLogger info
INFO: Project.client.Client: Sent Payload: ClientId[0], ClientName[null], Type[DISCONNECT], Number[0], Message[null]
