Aug 08, 2022 6:17:40 PM Project.common.MyLogger info
INFO: Project.client.Client: Client connected
Aug 08, 2022 6:17:40 PM Project.common.MyLogger info
INFO: Project.client.Client: Listening for server messages
Aug 08, 2022 6:17:40 PM Project.common.MyLogger info
INFO: Project.client.Client: Sent Payload: ClientId[0], ClientName[Jon], Type[CONNECT], Number[0], Message[null]
Aug 08, 2022 6:17:40 PM Project.common.MyLogger info
INFO: Project.client.views.UserListPanel: Adding user to list: <font color="#d75b7f">Jon</font> (2)
Aug 08, 2022 6:17:40 PM Project.common.MyLogger info
INFO: Project.client.views.UserListPanel: Userlist: java.awt.Dimension[width=0,height=307]
Aug 08, 2022 6:17:40 PM Project.common.MyLogger info
INFO: Project.client.views.UserListPanel: Adding user to list: <font color="#9ec2da">Arya</font> (1)
Aug 08, 2022 6:17:40 PM Project.common.MyLogger info
INFO: Project.client.views.UserListPanel: Userlist: java.awt.Dimension[width=0,height=307]
Aug 08, 2022 6:17:46 PM Project.common.MyLogger info
INFO: Project.client.Client: Sent Payload: ClientId[0], ClientName[Jon], Type[MESSAGE], Number[0], Message[Hello]
Aug 08, 2022 6:19:06 PM Project.common.MyLogger info
INFO: Project.client.views.ChatPanel: Wrapper size: java.awt.Dimension[width=412,height=311]
Aug 08, 2022 6:19:07 PM Project.common.MyLogger info
INFO: Project.client.views.ChatPanel: Wrapper size: java.awt.Dimension[width=329,height=311]
Aug 08, 2022 6:19:07 PM Project.common.MyLogger info
INFO: Project.client.views.ChatPanel: Wrapper size: java.awt.Dimension[width=400,height=311]
Aug 08, 2022 6:19:07 PM Project.common.MyLogger info
INFO: Project.client.views.ChatPanel: Wrapper size: java.awt.Dimension[width=378,height=311]
Aug 08, 2022 6:19:07 PM Project.common.MyLogger info
INFO: Project.client.views.ChatPanel: Wrapper size: java.awt.Dimension[width=418,height=311]
Aug 08, 2022 6:19:07 PM Project.common.MyLogger info
INFO: Project.client.views.ChatPanel: Wrapper size: java.awt.Dimension[width=425,height=311]
Aug 08, 2022 6:19:07 PM Project.common.MyLogger info
INFO: Project.client.views.ChatPanel: Wrapper size: java.awt.Dimension[width=439,height=311]
