Aug 07, 2022 9:51:15 PM Project.common.MyLogger info
INFO: Project.client.Client: Client connected
Aug 07, 2022 9:51:15 PM Project.common.MyLogger info
INFO: Project.client.Client: Listening for server messages
Aug 07, 2022 9:51:15 PM Project.common.MyLogger info
INFO: Project.client.Client: Sent Payload: ClientId[0], ClientName[C], Type[CONNECT], Number[0], Message[null]
Aug 07, 2022 9:51:15 PM Project.common.MyLogger info
INFO: Project.client.views.UserListPanel: Adding user to list: <font color="#a0dcdd">C</font> (3)
Aug 07, 2022 9:51:15 PM Project.common.MyLogger info
INFO: Project.client.views.UserListPanel: Userlist: java.awt.Dimension[width=0,height=307]
Aug 07, 2022 9:51:15 PM Project.common.MyLogger info
INFO: Project.client.views.UserListPanel: Adding user to list: <font color="#a39367">A</font> (1)
Aug 07, 2022 9:51:15 PM Project.common.MyLogger info
INFO: Project.client.views.UserListPanel: Userlist: java.awt.Dimension[width=0,height=307]
Aug 07, 2022 9:51:15 PM Project.common.MyLogger info
INFO: Project.client.views.UserListPanel: Adding user to list: <font color="#c5b0a3">B</font> (2)
Aug 07, 2022 9:51:15 PM Project.common.MyLogger info
INFO: Project.client.views.UserListPanel: Userlist: java.awt.Dimension[width=0,height=307]
Aug 07, 2022 9:51:54 PM Project.common.MyLogger info
INFO: Project.client.views.ChatPanel: Wrapper size: java.awt.Dimension[width=438,height=311]
Aug 07, 2022 9:51:54 PM Project.common.MyLogger info
INFO: Project.client.views.ChatPanel: Wrapper size: java.awt.Dimension[width=338,height=311]
Aug 07, 2022 9:51:54 PM Project.common.MyLogger info
INFO: Project.client.views.ChatPanel: Wrapper size: java.awt.Dimension[width=389,height=311]
Aug 07, 2022 9:51:54 PM Project.common.MyLogger info
INFO: Project.client.views.ChatPanel: Wrapper size: java.awt.Dimension[width=374,height=311]
Aug 07, 2022 9:51:54 PM Project.common.MyLogger info
INFO: Project.client.views.ChatPanel: Wrapper size: java.awt.Dimension[width=413,height=311]
Aug 07, 2022 9:51:55 PM Project.common.MyLogger info
INFO: Project.client.views.ChatPanel: Wrapper size: java.awt.Dimension[width=420,height=311]
Aug 07, 2022 9:51:55 PM Project.common.MyLogger info
INFO: Project.client.views.ChatPanel: Wrapper size: java.awt.Dimension[width=425,height=311]
Aug 07, 2022 9:51:55 PM Project.common.MyLogger info
INFO: Project.client.views.ChatPanel: Wrapper size: java.awt.Dimension[width=432,height=311]
Aug 07, 2022 9:51:55 PM Project.common.MyLogger info
INFO: Project.client.views.ChatPanel: Wrapper size: java.awt.Dimension[width=437,height=311]
Aug 07, 2022 9:51:55 PM Project.common.MyLogger info
INFO: Project.client.views.ChatPanel: Wrapper size: java.awt.Dimension[width=445,height=311]
Aug 07, 2022 9:52:29 PM Project.common.MyLogger info
INFO: Project.client.views.UserListPanel: removing user list item for id 1
Aug 07, 2022 9:52:38 PM Project.common.MyLogger info
INFO: Project.client.views.UserListPanel: removing user list item for id 2
Aug 07, 2022 9:52:42 PM Project.common.MyLogger info
INFO: Project.client.Client: Sent Payload: ClientId[0], ClientName[null], Type[DISCONNECT], Number[0], Message[null]
Aug 07, 2022 9:52:42 PM Project.common.MyLogger info
INFO: Project.client.views.UserListPanel: removing user list item for id 3
