Aug 08, 2022 12:34:19 AM Project.common.MyLogger info
INFO: Project.client.Client: Client connected
Aug 08, 2022 12:34:19 AM Project.common.MyLogger info
INFO: Project.client.Client: Listening for server messages
Aug 08, 2022 12:34:19 AM Project.common.MyLogger info
INFO: Project.client.Client: Sent Payload: ClientId[0], ClientName[Ayushi], Type[CONNECT], Number[0], Message[null]
Aug 08, 2022 12:34:19 AM Project.common.MyLogger info
INFO: Project.client.views.UserListPanel: Adding user to list: <font color="#c8a0c3">Ayushi</font> (2)
Aug 08, 2022 12:34:19 AM Project.common.MyLogger info
INFO: Project.client.views.UserListPanel: Userlist: java.awt.Dimension[width=0,height=307]
Aug 08, 2022 12:34:19 AM Project.common.MyLogger info
INFO: Project.client.views.UserListPanel: Adding user to list: <font color="#9fb7bf">Arya</font> (1)
Aug 08, 2022 12:34:19 AM Project.common.MyLogger info
INFO: Project.client.views.UserListPanel: Userlist: java.awt.Dimension[width=0,height=307]
Aug 08, 2022 12:34:32 AM Project.common.MyLogger info
INFO: Project.client.views.ChatPanel: Wrapper size: java.awt.Dimension[width=401,height=311]
Aug 08, 2022 12:34:32 AM Project.common.MyLogger info
INFO: Project.client.views.ChatPanel: Wrapper size: java.awt.Dimension[width=301,height=311]
Aug 08, 2022 12:34:32 AM Project.common.MyLogger info
INFO: Project.client.views.ChatPanel: Wrapper size: java.awt.Dimension[width=342,height=311]
Aug 08, 2022 12:34:32 AM Project.common.MyLogger info
INFO: Project.client.views.ChatPanel: Wrapper size: java.awt.Dimension[width=354,height=311]
Aug 08, 2022 12:34:32 AM Project.common.MyLogger info
INFO: Project.client.views.ChatPanel: Wrapper size: java.awt.Dimension[width=361,height=311]
Aug 08, 2022 12:34:32 AM Project.common.MyLogger info
INFO: Project.client.views.ChatPanel: Wrapper size: java.awt.Dimension[width=367,height=311]
Aug 08, 2022 12:34:32 AM Project.common.MyLogger info
INFO: Project.client.views.ChatPanel: Wrapper size: java.awt.Dimension[width=373,height=311]
Aug 08, 2022 12:34:32 AM Project.common.MyLogger info
INFO: Project.client.views.ChatPanel: Wrapper size: java.awt.Dimension[width=381,height=311]
Aug 08, 2022 12:34:32 AM Project.common.MyLogger info
INFO: Project.client.views.ChatPanel: Wrapper size: java.awt.Dimension[width=387,height=311]
Aug 08, 2022 12:34:32 AM Project.common.MyLogger info
INFO: Project.client.views.ChatPanel: Wrapper size: java.awt.Dimension[width=395,height=311]
Aug 08, 2022 12:34:32 AM Project.common.MyLogger info
INFO: Project.client.views.ChatPanel: Wrapper size: java.awt.Dimension[width=402,height=311]
Aug 08, 2022 12:35:07 AM Project.common.MyLogger info
INFO: Project.client.views.UserListPanel: Adding user to list: <font color="#af8150">Tom</font> (3)
Aug 08, 2022 12:35:07 AM Project.common.MyLogger info
INFO: Project.client.views.UserListPanel: Userlist: java.awt.Dimension[width=119,height=307]
Aug 08, 2022 12:37:10 AM Project.common.MyLogger info
INFO: Project.client.views.UserListPanel: removing user list item for id 1
Aug 08, 2022 12:37:13 AM Project.common.MyLogger info
INFO: Project.client.Client: Sent Payload: ClientId[0], ClientName[null], Type[DISCONNECT], Number[0], Message[null]
Aug 08, 2022 12:37:13 AM Project.common.MyLogger info
INFO: Project.client.views.UserListPanel: removing user list item for id 2
