Aug 08, 2022 6:08:58 PM Project.common.MyLogger info
INFO: Project.client.Client: Client connected
Aug 08, 2022 6:08:58 PM Project.common.MyLogger info
INFO: Project.client.Client: Listening for server messages
Aug 08, 2022 6:08:58 PM Project.common.MyLogger info
INFO: Project.client.Client: Sent Payload: ClientId[0], ClientName[Tom], Type[CONNECT], Number[0], Message[null]
Aug 08, 2022 6:08:58 PM Project.common.MyLogger info
INFO: Project.client.views.UserListPanel: Adding user to list: <font color="#d8b6bf">Tom</font> (2)
Aug 08, 2022 6:08:58 PM Project.common.MyLogger info
INFO: Project.client.views.UserListPanel: Userlist: java.awt.Dimension[width=0,height=307]
Aug 08, 2022 6:08:58 PM Project.common.MyLogger info
INFO: Project.client.views.UserListPanel: Adding user to list: <font color="#9a8de8">Arya</font> (1)
Aug 08, 2022 6:08:58 PM Project.common.MyLogger info
INFO: Project.client.views.UserListPanel: Userlist: java.awt.Dimension[width=0,height=307]
Aug 08, 2022 6:09:14 PM Project.common.MyLogger info
INFO: Project.client.Client: Sent Payload: ClientId[0], ClientName[Tom], Type[MESSAGE], Number[0], Message[Hello]
Aug 08, 2022 6:09:18 PM Project.common.MyLogger info
INFO: Project.client.Client: Sent Payload: ClientId[0], ClientName[Tom], Type[MESSAGE], Number[0], Message[/flip]
Aug 08, 2022 6:09:53 PM Project.common.MyLogger info
INFO: Project.client.views.UserListPanel: removing user list item for id 1
Aug 08, 2022 6:09:56 PM Project.common.MyLogger info
INFO: Project.client.Client: Sent Payload: ClientId[0], ClientName[null], Type[DISCONNECT], Number[0], Message[null]
