Aug 08, 2022 12:35:07 AM Project.common.MyLogger info
INFO: Project.client.Client: Client connected
Aug 08, 2022 12:35:07 AM Project.common.MyLogger info
INFO: Project.client.Client: Listening for server messages
Aug 08, 2022 12:35:07 AM Project.common.MyLogger info
INFO: Project.client.Client: Sent Payload: ClientId[0], ClientName[Tom], Type[CONNECT], Number[0], Message[null]
Aug 08, 2022 12:35:07 AM Project.common.MyLogger info
INFO: Project.client.views.UserListPanel: Adding user to list: <font color="#af8150">Tom</font> (3)
Aug 08, 2022 12:35:07 AM Project.common.MyLogger info
INFO: Project.client.views.UserListPanel: Userlist: java.awt.Dimension[width=0,height=307]
Aug 08, 2022 12:35:07 AM Project.common.MyLogger info
INFO: Project.client.views.UserListPanel: Adding user to list: <font color="#9fb7bf">Arya</font> (1)
Aug 08, 2022 12:35:07 AM Project.common.MyLogger info
INFO: Project.client.views.UserListPanel: Userlist: java.awt.Dimension[width=0,height=307]
Aug 08, 2022 12:35:07 AM Project.common.MyLogger info
INFO: Project.client.views.UserListPanel: Adding user to list: <font color="#c8a0c3">Ayushi</font> (2)
Aug 08, 2022 12:35:07 AM Project.common.MyLogger info
INFO: Project.client.views.UserListPanel: Userlist: java.awt.Dimension[width=0,height=307]
Aug 08, 2022 12:35:31 AM Project.common.MyLogger info
INFO: Project.client.views.ChatPanel: Wrapper size: java.awt.Dimension[width=557,height=311]
Aug 08, 2022 12:35:31 AM Project.common.MyLogger info
INFO: Project.client.views.ChatPanel: Wrapper size: java.awt.Dimension[width=387,height=311]
Aug 08, 2022 12:35:31 AM Project.common.MyLogger info
INFO: Project.client.views.ChatPanel: Wrapper size: java.awt.Dimension[width=433,height=311]
Aug 08, 2022 12:35:31 AM Project.common.MyLogger info
INFO: Project.client.views.ChatPanel: Wrapper size: java.awt.Dimension[width=416,height=311]
Aug 08, 2022 12:35:31 AM Project.common.MyLogger info
INFO: Project.client.views.ChatPanel: Wrapper size: java.awt.Dimension[width=411,height=311]
Aug 08, 2022 12:35:31 AM Project.common.MyLogger info
INFO: Project.client.views.ChatPanel: Wrapper size: java.awt.Dimension[width=406,height=311]
Aug 08, 2022 12:35:31 AM Project.common.MyLogger info
INFO: Project.client.views.ChatPanel: Wrapper size: java.awt.Dimension[width=412,height=311]
Aug 08, 2022 12:35:31 AM Project.common.MyLogger info
INFO: Project.client.views.ChatPanel: Wrapper size: java.awt.Dimension[width=418,height=311]
Aug 08, 2022 12:35:31 AM Project.common.MyLogger info
INFO: Project.client.views.ChatPanel: Wrapper size: java.awt.Dimension[width=426,height=311]
Aug 08, 2022 12:35:31 AM Project.common.MyLogger info
INFO: Project.client.views.ChatPanel: Wrapper size: java.awt.Dimension[width=432,height=311]
Aug 08, 2022 12:35:31 AM Project.common.MyLogger info
INFO: Project.client.views.ChatPanel: Wrapper size: java.awt.Dimension[width=438,height=311]
Aug 08, 2022 12:35:31 AM Project.common.MyLogger info
INFO: Project.client.views.ChatPanel: Wrapper size: java.awt.Dimension[width=448,height=311]
Aug 08, 2022 12:37:10 AM Project.common.MyLogger info
INFO: Project.client.views.UserListPanel: removing user list item for id 1
Aug 08, 2022 12:37:13 AM Project.common.MyLogger info
INFO: Project.client.views.UserListPanel: removing user list item for id 2
Aug 08, 2022 12:37:16 AM Project.common.MyLogger info
INFO: Project.client.Client: Sent Payload: ClientId[0], ClientName[null], Type[DISCONNECT], Number[0], Message[null]
