Aug 08, 2022 4:32:40 PM Project.common.MyLogger info
INFO: Project.client.Client: Client connected
Aug 08, 2022 4:32:40 PM Project.common.MyLogger info
INFO: Project.client.Client: Listening for server messages
Aug 08, 2022 4:32:40 PM Project.common.MyLogger info
INFO: Project.client.Client: Sent Payload: ClientId[0], ClientName[Jon], Type[CONNECT], Number[0], Message[null]
Aug 08, 2022 4:32:40 PM Project.common.MyLogger info
INFO: Project.client.views.UserListPanel: Adding user to list: <font color="#9bce5f">Jon</font> (2)
Aug 08, 2022 4:32:40 PM Project.common.MyLogger info
INFO: Project.client.views.UserListPanel: Userlist: java.awt.Dimension[width=0,height=307]
Aug 08, 2022 4:32:40 PM Project.common.MyLogger info
INFO: Project.client.views.UserListPanel: Adding user to list: <font color="#8dd7f7">Arya</font> (1)
Aug 08, 2022 4:32:40 PM Project.common.MyLogger info
INFO: Project.client.views.UserListPanel: Userlist: java.awt.Dimension[width=0,height=307]
Aug 08, 2022 4:32:45 PM Project.common.MyLogger info
INFO: Project.client.Client: Sent Payload: ClientId[0], ClientName[Jon], Type[MESSAGE], Number[0], Message[Hello]
Aug 08, 2022 4:33:04 PM Project.common.MyLogger info
INFO: Project.client.views.UserListPanel: removing user list item for id 1
Aug 08, 2022 4:33:06 PM Project.common.MyLogger info
INFO: Project.client.Client: Sent Payload: ClientId[0], ClientName[null], Type[DISCONNECT], Number[0], Message[null]
Aug 08, 2022 4:33:06 PM Project.common.MyLogger info
INFO: Project.client.views.UserListPanel: removing user list item for id 2
