Aug 08, 2022 4:34:27 PM Project.common.MyLogger info
INFO: Project.client.Client: Client connected
Aug 08, 2022 4:34:27 PM Project.common.MyLogger info
INFO: Project.client.Client: Listening for server messages
Aug 08, 2022 4:34:27 PM Project.common.MyLogger info
INFO: Project.client.Client: Sent Payload: ClientId[0], ClientName[Jon], Type[CONNECT], Number[0], Message[null]
Aug 08, 2022 4:34:27 PM Project.common.MyLogger info
INFO: Project.client.views.UserListPanel: Adding user to list: <font color="#75ee5f">Jon</font> (2)
Aug 08, 2022 4:34:28 PM Project.common.MyLogger info
INFO: Project.client.views.UserListPanel: Userlist: java.awt.Dimension[width=0,height=307]
Aug 08, 2022 4:34:28 PM Project.common.MyLogger info
INFO: Project.client.views.UserListPanel: Adding user to list: <font color="#da7269">Arya</font> (1)
Aug 08, 2022 4:34:28 PM Project.common.MyLogger info
INFO: Project.client.views.UserListPanel: Userlist: java.awt.Dimension[width=0,height=307]
Aug 08, 2022 4:34:38 PM Project.common.MyLogger info
INFO: Project.client.Client: Sent Payload: ClientId[0], ClientName[Jon], Type[MESSAGE], Number[0], Message[Nothing much what about you]
Aug 08, 2022 4:35:38 PM Project.common.MyLogger info
INFO: Project.client.views.UserListPanel: removing user list item for id 1
Aug 08, 2022 4:35:40 PM Project.common.MyLogger info
INFO: Project.client.Client: Sent Payload: ClientId[0], ClientName[null], Type[DISCONNECT], Number[0], Message[null]
Aug 08, 2022 4:35:40 PM Project.common.MyLogger info
INFO: Project.client.views.UserListPanel: removing user list item for id 2
